<?xml version="1.0" encoding="UTF-8"?>
<!-- Generated by org.testng.reporters.JUnitReportReporter -->
<testsuite skipped="0" hostname="Randhawas-MacBook-Air.local" name="demo.ScreenShotExp" tests="1" failures="0" timestamp="2019-12-12T19:10:12 EST" time="28.356" errors="0">
  <testcase name="ticketbooking" time="28.356" classname="demo.ScreenShotExp"/>
</testsuite> <!-- demo.ScreenShotExp -->
