<?xml version="1.0" encoding="UTF-8"?>
<!-- Generated by org.testng.reporters.JUnitReportReporter -->
<testsuite skipped="0" hostname="Randhawas-MacBook-Air.local" name="demo.VerifyPageTitleTestNG" tests="1" failures="0" timestamp="2020-02-17T20:46:21 EST" time="0.018" errors="0">
  <testcase name="verifyPageTitle" time="0.018" classname="demo.VerifyPageTitleTestNG"/>
</testsuite> <!-- demo.VerifyPageTitleTestNG -->
