<?xml version="1.0" encoding="UTF-8"?>
<!-- Generated by org.testng.reporters.JUnitReportReporter -->
<testsuite skipped="1" hostname="Randhawas-MacBook-Air.local" name="demo.CBT" tests="4" failures="0" timestamp="2019-12-12T17:11:00 EST" time="0.763" errors="0">
  <testcase name="verifyPageTitle" time="0.468" classname="demo.CBT"/>
  <testcase name="verifySearchBtnIsEnabled" time="0.219" classname="demo.CBT"/>
  <testcase name="VerifyLoginBtnVisibility" time="0.076" classname="demo.CBT"/>
  <testcase name="verifyText" classname="demo.CBT">
    <skipped/>
  </testcase> <!-- verifyText -->
</testsuite> <!-- demo.CBT -->
