<?xml version="1.0" encoding="UTF-8"?>
<!-- Generated by org.testng.reporters.JUnitReportReporter -->
<testsuite skipped="1" hostname="Randhawas-MacBook-Air.local" name="demo.MultipleValidations" tests="4" failures="0" timestamp="2019-12-11T20:25:04 EST" time="0.632" errors="0">
  <testcase name="verifyPageTitle" time="0.428" classname="demo.MultipleValidations"/>
  <testcase name="verifySearchBtnIsEnabled" time="0.112" classname="demo.MultipleValidations"/>
  <testcase name="VerifyLoginBtnVisibility" time="0.092" classname="demo.MultipleValidations"/>
  <testcase name="verifyText" classname="demo.MultipleValidations">
    <skipped/>
  </testcase> <!-- verifyText -->
</testsuite> <!-- demo.MultipleValidations -->
